2025-05-20 21:43:50.221 [http-nio-40061-exec-5] INFO  cn.iocoder.yudao.framework.apilog.core.interceptor.ApiAccessLogInterceptor.preHandle(51) | [preHandle][开始请求 URL(/admin-api/system/tenant/get-by-website) 参数({website=localhost:5002})]
2025-05-20 21:43:50.222 [http-nio-40061-exec-3] INFO  cn.iocoder.yudao.framework.apilog.core.interceptor.ApiAccessLogInterceptor.preHandle(51) | [preHandle][开始请求 URL(/admin-api/system/captcha/get) 参数({"captchaType":"blockPuzzle"})]
2025-05-20 21:43:50.308 [http-nio-40061-exec-5] INFO  cn.iocoder.yudao.framework.apilog.core.interceptor.ApiAccessLogInterceptor.afterCompletion(70) | [afterCompletion][完成请求 URL(/admin-api/system/tenant/get-by-website) 耗时(56 ms)]
2025-05-20 21:43:50.367 [http-nio-40061-exec-3] INFO  cn.iocoder.yudao.framework.apilog.core.interceptor.ApiAccessLogInterceptor.afterCompletion(70) | [afterCompletion][完成请求 URL(/admin-api/system/captcha/get) 耗时(114 ms)]
2025-05-20 21:43:56.012 [http-nio-40061-exec-10] INFO  cn.iocoder.yudao.framework.apilog.core.interceptor.ApiAccessLogInterceptor.preHandle(51) | [preHandle][开始请求 URL(/admin-api/system/tenant/get-by-website) 参数({website=localhost:5002})]
2025-05-20 21:43:56.014 [http-nio-40061-exec-1] INFO  cn.iocoder.yudao.framework.apilog.core.interceptor.ApiAccessLogInterceptor.preHandle(51) | [preHandle][开始请求 URL(/admin-api/system/captcha/get) 参数({"captchaType":"blockPuzzle"})]
2025-05-20 21:43:56.042 [http-nio-40061-exec-10] INFO  cn.iocoder.yudao.framework.apilog.core.interceptor.ApiAccessLogInterceptor.afterCompletion(70) | [afterCompletion][完成请求 URL(/admin-api/system/tenant/get-by-website) 耗时(28 ms)]
2025-05-20 21:43:56.124 [http-nio-40061-exec-1] INFO  cn.iocoder.yudao.framework.apilog.core.interceptor.ApiAccessLogInterceptor.afterCompletion(70) | [afterCompletion][完成请求 URL(/admin-api/system/captcha/get) 耗时(108 ms)]
2025-05-20 21:43:57.104 [http-nio-40061-exec-4] INFO  cn.iocoder.yudao.framework.apilog.core.interceptor.ApiAccessLogInterceptor.preHandle(51) | [preHandle][开始请求 URL(/admin-api/system/tenant/get-id-by-name) 参数({name=CRM平台})]
2025-05-20 21:43:57.120 [http-nio-40061-exec-4] INFO  cn.iocoder.yudao.framework.apilog.core.interceptor.ApiAccessLogInterceptor.afterCompletion(70) | [afterCompletion][完成请求 URL(/admin-api/system/tenant/get-id-by-name) 耗时(13 ms)]
2025-05-20 21:43:57.140 [http-nio-40061-exec-3] INFO  cn.iocoder.yudao.framework.apilog.core.interceptor.ApiAccessLogInterceptor.preHandle(51) | [preHandle][开始请求 URL(/admin-api/system/auth/login) 参数({"tenantName":"CRM平台","username":"admin","password":"admin123","rememberMe":true})]
2025-05-20 21:43:57.341 [http-nio-40061-exec-3] INFO  cn.iocoder.yudao.framework.apilog.core.interceptor.ApiAccessLogInterceptor.afterCompletion(70) | [afterCompletion][完成请求 URL(/admin-api/system/auth/login) 耗时(199 ms)]
2025-05-20 21:43:57.372 [http-nio-40061-exec-8] INFO  cn.iocoder.yudao.framework.apilog.core.interceptor.ApiAccessLogInterceptor.preHandle(49) | [preHandle][开始请求 URL(/admin-api/system/dict-data/simple-list) 无参数]
2025-05-20 21:43:57.586 [http-nio-40061-exec-8] INFO  cn.iocoder.yudao.framework.apilog.core.interceptor.ApiAccessLogInterceptor.afterCompletion(70) | [afterCompletion][完成请求 URL(/admin-api/system/dict-data/simple-list) 耗时(213 ms)]
2025-05-20 21:43:57.606 [http-nio-40061-exec-9] INFO  cn.iocoder.yudao.framework.apilog.core.interceptor.ApiAccessLogInterceptor.preHandle(49) | [preHandle][开始请求 URL(/admin-api/system/auth/get-permission-info) 无参数]
2025-05-20 21:43:57.690 [http-nio-40061-exec-9] INFO  cn.iocoder.yudao.framework.apilog.core.interceptor.ApiAccessLogInterceptor.afterCompletion(70) | [afterCompletion][完成请求 URL(/admin-api/system/auth/get-permission-info) 耗时(83 ms)]
2025-05-20 21:44:00.269 [http-nio-40061-exec-4] INFO  cn.iocoder.yudao.framework.apilog.core.interceptor.ApiAccessLogInterceptor.preHandle(49) | [preHandle][开始请求 URL(/admin-api/system/notify-message/get-unread-count) 无参数]
2025-05-20 21:44:00.279 [http-nio-40061-exec-5] INFO  cn.iocoder.yudao.framework.apilog.core.interceptor.ApiAccessLogInterceptor.preHandle(49) | [preHandle][开始请求 URL(/admin-api/infra/file/4/get/4296023cc7880ec82ba0acac52d11239a1205c66c1038c8d376c46fdac19617f.png) 无参数]
2025-05-20 21:44:00.302 [http-nio-40061-exec-4] INFO  cn.iocoder.yudao.framework.apilog.core.interceptor.ApiAccessLogInterceptor.afterCompletion(70) | [afterCompletion][完成请求 URL(/admin-api/system/notify-message/get-unread-count) 耗时(28 ms)]
2025-05-20 21:44:00.327 [http-nio-40061-exec-5] INFO  cn.iocoder.yudao.framework.apilog.core.interceptor.ApiAccessLogInterceptor.afterCompletion(70) | [afterCompletion][完成请求 URL(/admin-api/infra/file/4/get/4296023cc7880ec82ba0acac52d11239a1205c66c1038c8d376c46fdac19617f.png) 耗时(45 ms)]
2025-05-20 21:46:00.296 [http-nio-40061-exec-7] INFO  cn.iocoder.yudao.framework.apilog.core.interceptor.ApiAccessLogInterceptor.preHandle(49) | [preHandle][开始请求 URL(/admin-api/system/notify-message/get-unread-count) 无参数]
2025-05-20 21:46:00.331 [http-nio-40061-exec-7] INFO  cn.iocoder.yudao.framework.apilog.core.interceptor.ApiAccessLogInterceptor.afterCompletion(70) | [afterCompletion][完成请求 URL(/admin-api/system/notify-message/get-unread-count) 耗时(31 ms)]
